0 info it worked if it ends with ok
1 verbose cli [ '/home/artix41/.config/nvm/6.9.0/bin/node',
1 verbose cli   '/home/artix41/.config/nvm/6.9.0/bin/npm',
1 verbose cli   'run',
1 verbose cli   'build:css' ]
2 info using npm@3.10.8
3 info using node@v6.9.0
4 verbose run-script [ 'prebuild:css', 'build:css', 'postbuild:css' ]
5 info lifecycle hydejack@8.5.2~prebuild:css: hydejack@8.5.2
6 silly lifecycle hydejack@8.5.2~prebuild:css: no script for prebuild:css, continuing
7 info lifecycle hydejack@8.5.2~build:css: hydejack@8.5.2
8 verbose lifecycle hydejack@8.5.2~build:css: unsafe-perm in lifecycle true
9 verbose lifecycle hydejack@8.5.2~build:css: PATH: /home/artix41/.config/nvm/6.9.0/lib/node_modules/npm/bin/node-gyp-bin:/home/artix41/Programmation/Web/blog/node_modules/.bin:/home/artix41/.config/nvm/6.9.0/bin:/home/artix41/gems/bin:/home/artix41/bin:/home/artix41/.local/bin:/usr/local/sbin:/usr/local/bin:/usr/sbin:/usr/bin:/sbin:/bin:/usr/games:/usr/local/games:/snap/bin
10 verbose lifecycle hydejack@8.5.2~build:css: CWD: /home/artix41/Programmation/Web/blog
11 silly lifecycle hydejack@8.5.2~build:css: Args: [ '-c', '.scripts/build-css.js' ]
12 silly lifecycle hydejack@8.5.2~build:css: Returned: code: 1  signal: null
13 info lifecycle hydejack@8.5.2~build:css: Failed to exec build:css script
14 verbose stack Error: hydejack@8.5.2 build:css: `.scripts/build-css.js`
14 verbose stack Exit status 1
14 verbose stack     at EventEmitter.<anonymous> (/home/artix41/.config/nvm/6.9.0/lib/node_modules/npm/lib/utils/lifecycle.js:255:16)
14 verbose stack     at emitTwo (events.js:106:13)
14 verbose stack     at EventEmitter.emit (events.js:191:7)
14 verbose stack     at ChildProcess.<anonymous> (/home/artix41/.config/nvm/6.9.0/lib/node_modules/npm/lib/utils/spawn.js:40:14)
14 verbose stack     at emitTwo (events.js:106:13)
14 verbose stack     at ChildProcess.emit (events.js:191:7)
14 verbose stack     at maybeClose (internal/child_process.js:877:16)
14 verbose stack     at Process.ChildProcess._handle.onexit (internal/child_process.js:226:5)
15 verbose pkgid hydejack@8.5.2
16 verbose cwd /home/artix41/Programmation/Web/blog
17 error Linux 4.15.0-91-generic
18 error argv "/home/artix41/.config/nvm/6.9.0/bin/node" "/home/artix41/.config/nvm/6.9.0/bin/npm" "run" "build:css"
19 error node v6.9.0
20 error npm  v3.10.8
21 error code ELIFECYCLE
22 error hydejack@8.5.2 build:css: `.scripts/build-css.js`
22 error Exit status 1
23 error Failed at the hydejack@8.5.2 build:css script '.scripts/build-css.js'.
23 error Make sure you have the latest version of node.js and npm installed.
23 error If you do, this is most likely a problem with the hydejack package,
23 error not with npm itself.
23 error Tell the author that this fails on your system:
23 error     .scripts/build-css.js
23 error You can get information on how to open an issue for this project with:
23 error     npm bugs hydejack
23 error Or if that isn't available, you can get their info via:
23 error     npm owner ls hydejack
23 error There is likely additional logging output above.
24 verbose exit [ 1, true ]
